Microsoft (R) Macro Assembler Version 5.10                  10/9/25 17:47:48
                                                             Page     1-1


				; Учебная программа  лабораторной работы №2 по 
				дисциплине "Организация ЭВМ и С";
				;
 = 0024				EOL  EQU  '$'
 = 0002				ind  EQU   2
 = 01F4				n1   EQU  500
 =-0032				n2   EQU  -50
				
				; Стек  программы
				
 0000				AStack    SEGMENT  STACK
 0000  000C[			          DW 12 DUP(?)
	   ????			
			 ]	
				
 0018				AStack    ENDS
				
				; Данные программы
				
 0000				DATA      SEGMENT
				
				;  Директивы описания данных
				
 0000  0000			mem1      DW    0
 0002  0000			mem2      DW    0
 0004  0000			mem3      DW    0
 0006  01 02 03 04 08 07	vec1      DB    1,2,3,4,8,7,6,5
       06 05			
 000E  0A 14 F6 EC E2 D8	vec2      DB    10,20,-10,-20,-30,-40,30,40
       1E 28			
 0016  01 02 03 04 FC FD	matr      DB    1,2,3,4,-4,-3,-2,-1,5,6,7,8,-8,
				-7,1,-5
       FE FF 05 06 07 08	
       F8 F9 01 FB		
				
 0026				DATA      ENDS
				
				; Код программы
				
 0000				CODE      SEGMENT
				          ASSUME CS:CODE, DS:DATA, SS:AStack
				
				; Головная процедура
 0000				Main      PROC  FAR
 0000  1E			          push  DS
 0001  2B C0			          sub   AX,AX
 0003  50			          push  AX
 0004  B8 ---- R		          mov   AX,DATA
 0007  8E D8			          mov   DS,AX
				
				;  ПРОВЕРКА РЕЖИМОВ АДРЕСАЦИИ НА УРОВНЕ СМЕЩЕНИ
				Й
				;  Регистровая адресация
 0009  B8 01F4			          mov  ax,n1
Microsoft (R) Macro Assembler Version 5.10                  10/9/25 17:47:48
                                                             Page     1-2


 000C  8B C8			          mov  cx,ax
 000E  B3 24			          mov  bl,EOL
 0010  B7 CE			          mov  bh,n2
				;  Прямая   адресация
 0012  C7 06 0002 R FFCE	          mov  mem2,n2
 0018  BB 0006 R		          mov  bx,OFFSET vec1
 001B  A3 0000 R		          mov  mem1,ax
				;  Косвенная адресация
 001E  8A 07			          mov  al,[bx]
				;          mov  mem3,[bx]
				; TODO
 0020  8B 07			mov ax, [bx]
 0022  A3 0004 R		mov mem3, ax
				;  Базированная адресация
 0025  8A 47 03			          mov  al,[bx]+3
 0028  8B 4F 03			          mov  cx,3[bx]
				;  Индексированная адресация
 002B  BF 0002			          mov  di,ind
 002E  8A 85 000E R		          mov  al,vec2[di]
 0032  8B 8D 000E R		          mov  cx,vec2[di]
LR2ERR.ASM(64): warning A4031: Operand types must match
				;  Адресация с базированием и индексированием
 0036  BB 0003			          mov  bx,3
 0039  8A 81 0016 R		          mov  al,matr[bx][di]
 003D  8B 89 0016 R		          mov  cx,matr[bx][di]
LR2ERR.ASM(68): warning A4031: Operand types must match
				;          mov  ax,matr[bx*4][di]
				; TODO
 0041  8B C3			mov ax, bx
 0043  E0			shl ax,2
LR2ERR.ASM(72): error A2052: Improper operand type
 0044  8B 85 0016 R		mov ax,matr[ax][di]
LR2ERR.ASM(73): error A2048: Must be index or base register
				
				;  ПРОВЕРКА АДРЕСАЦИИ С УЧЕТОМ СЕГМЕНТОВ
				;  Переопределение сегмента
				;  ------ вариант 1
 0048  B8 ---- R		          mov  ax, SEG vec2
 004B  8E C0			          mov  es, ax
 004D  26: 8B 07		          mov  ax, es:[bx]
 0050  B8 0000				  mov  ax, 0
				;  ------ вариант 2
 0053  8E C0			          mov  es, ax
 0055  1E			          push ds
 0056  07			          pop  es
 0057  26: 8B 4F FF		          mov  cx, es:[bx-1]
 005B  91			          xchg cx,ax
				;  ------ вариант 3
 005C  BF 0002			          mov  di,ind
 005F  26: 89 01		          mov  es:[bx+di],ax
				;  ------ вариант 4
 0062  8B EC			          mov  bp,sp
				;          mov  ax,matr[bp+bx]
				; TODO
 0064  03 DD			add bx, bp
 0066  8B 87 0016 R		mov ax, matr[bx]
LR2ERR.ASM(96): warning A4031: Operand types must match
				;          mov  ax,matr[bp+di+si]
				; TODO
Microsoft (R) Macro Assembler Version 5.10                  10/9/25 17:47:48
                                                             Page     1-3


 006A  2B DB			sub bx,bx
 006C  03 DD			add bx,bp
 006E  03 DF			add bx,di
 0070  8B 80 0016 R		mov ax,matr[bx+si]
LR2ERR.ASM(102): warning A4031: Operand types must match
				;  Использование сегмента стека
 0074  FF 36 0000 R		          push  mem1
 0078  FF 36 0002 R		          push  mem2
 007C  8B EC			          mov   bp,sp
 007E  8B 56 02			          mov   dx,[bp]+2
 0081  CB			          ret   
 0082				Main      ENDP
 0082				CODE      ENDS
				          END Main
Microsoft (R) Macro Assembler Version 5.10                  10/9/25 17:47:48
                                                             Symbols-1


Segments and Groups:

                N a m e         	Length	 Align	Combine Class

ASTACK . . . . . . . . . . . . .  	0018	PARA	STACK	
CODE . . . . . . . . . . . . . .  	0082	PARA	NONE	
DATA . . . . . . . . . . . . . .  	0026	PARA	NONE	

Symbols:            

                N a m e         	Type	 Value	 Attr

EOL  . . . . . . . . . . . . . .  	NUMBER	0024	

IND  . . . . . . . . . . . . . .  	NUMBER	0002	

MAIN . . . . . . . . . . . . . .  	F PROC	0000	CODE	Length = 0082
MATR . . . . . . . . . . . . . .  	L BYTE	0016	DATA
MEM1 . . . . . . . . . . . . . .  	L WORD	0000	DATA
MEM2 . . . . . . . . . . . . . .  	L WORD	0002	DATA
MEM3 . . . . . . . . . . . . . .  	L WORD	0004	DATA

N1 . . . . . . . . . . . . . . .  	NUMBER	01F4	
N2 . . . . . . . . . . . . . . .  	NUMBER	-0032	

VEC1 . . . . . . . . . . . . . .  	L BYTE	0006	DATA
VEC2 . . . . . . . . . . . . . .  	L BYTE	000E	DATA

@CPU . . . . . . . . . . . . . .  	TEXT  0101h		
@FILENAME  . . . . . . . . . . .  	TEXT  LR2ERR		
@VERSION . . . . . . . . . . . .  	TEXT  510		


    111 Source  Lines
    111 Total   Lines
     19 Symbols

  47814 + 459446 Bytes symbol space free

      4 Warning Errors
      2 Severe  Errors
